21:26:21 **** Incremental Build of configuration x86_64-debug for project overlapNamedSemaphore ****
make -j3 all 
qcc -Vgcc_ntox86_64 -c -Wp,-MMD,build/x86_64-debug/src/overlapNamedSemaphore.d,-MT,build/x86_64-debug/src/overlapNamedSemaphore.o -o build/x86_64-debug/src/overlapNamedSemaphore.o  -Wall -fmessage-length=0 -g -O0 -fno-builtin  src/overlapNamedSemaphore.c
src/overlapNamedSemaphore.c: In function 'main':
src/overlapNamedSemaphore.c:69:46: warning: initialization makes integer from pointer without a cast [-Wint-conversion]
  appData thread = {5, 5, 0, 0, 0, 0, 100, 0, sem_open(location, O_CREAT, S_IRUSR | S_IWUSR, 1)};
                                              ^
src/overlapNamedSemaphore.c:69:46: note: (near initialization for 'thread.semaphore.__u.__count')
src/overlapNamedSemaphore.c:69:19: warning: missing braces around initializer [-Wmissing-braces]
  appData thread = {5, 5, 0, 0, 0, 0, 100, 0, sem_open(location, O_CREAT, S_IRUSR | S_IWUSR, 1)};
                   ^
src/overlapNamedSemaphore.c:69:19: note: (near initialization for 'thread')
src/overlapNamedSemaphore.c:70:30: warning: passing argument 2 of 'sem_init' makes integer from pointer without a cast [-Wint-conversion]
  sem_init(&thread.semaphore, NULL, 1);
                              ^
In file included from src/overlapNamedSemaphore.c:3:0:
/Users/adityaaaap/qnx700/target/qnx7/usr/include/semaphore.h:56:12: note: expected 'int' but argument is of type 'void *'
 extern int sem_init(sem_t *__sem, int __pshared, unsigned __value);
            ^
src/overlapNamedSemaphore.c:71:2: warning: implicit declaration of function 'memset' [-Wimplicit-function-declaration]
  memset(hostname, '\0', 100);
  ^
src/overlapNamedSemaphore.c:76:2: warning: implicit declaration of function 'pthread_create' [-Wimplicit-function-declaration]
  pthread_create(&uThread, NULL, userThread, &thread);
  ^
src/overlapNamedSemaphore.c:79:2: warning: implicit declaration of function 'pthread_join' [-Wimplicit-function-declaration]
  pthread_join(uThread, &returnValue);
  ^
qcc -Vgcc_ntox86_64 -o build/x86_64-debug/overlapNamedSemaphore   build/x86_64-debug/src/overlapNamedSemaphore.o  

21:26:22 Build Finished (took 230ms)

