19:55:33 **** Incremental Build of configuration x86_64-debug for project overlapSemaphore ****
make -j3 all 
qcc -Vgcc_ntox86_64 -c -Wp,-MMD,build/x86_64-debug/src/overlapSemaphore.d,-MT,build/x86_64-debug/src/overlapSemaphore.o -o build/x86_64-debug/src/overlapSemaphore.o  -Wall -fmessage-length=0 -g -O0 -fno-builtin  src/overlapSemaphore.c
src/overlapSemaphore.c: In function 'userThread':
src/overlapSemaphore.c:34:3: warning: implicit declaration of function 'usleep' [-Wimplicit-function-declaration]
   usleep(1);
   ^
src/overlapSemaphore.c: In function 'main':
src/overlapSemaphore.c:66:30: warning: passing argument 2 of 'sem_init' makes integer from pointer without a cast [-Wint-conversion]
  sem_init(&thread.semaphore, NULL, 1);
                              ^
In file included from src/overlapSemaphore.c:3:0:
/Users/adityaaaap/qnx700/target/qnx7/usr/include/semaphore.h:56:12: note: expected 'int' but argument is of type 'void *'
 extern int sem_init(sem_t *__sem, int __pshared, unsigned __value);
            ^
src/overlapSemaphore.c:67:2: warning: implicit declaration of function 'pthread_create' [-Wimplicit-function-declaration]
  pthread_create(&uThread, NULL, userThread, &thread);
  ^
src/overlapSemaphore.c:70:2: warning: implicit declaration of function 'pthread_join' [-Wimplicit-function-declaration]
  pthread_join(uThread, &returnValue);
  ^
qcc -Vgcc_ntox86_64 -o build/x86_64-debug/overlapSemaphore   build/x86_64-debug/src/overlapSemaphore.o  

19:55:33 Build Finished (took 283ms)

