18:37:16 **** Build of configuration x86_64-debug for project TrafficLightLocalController ****
make -j3 all 
qcc -Vgcc_ntox86_64 -c -Wp,-MMD,build/x86_64-debug/src/TrafficLightLocalController.d,-MT,build/x86_64-debug/src/TrafficLightLocalController.o -o build/x86_64-debug/src/TrafficLightLocalController.o  -Wall -fmessage-length=0 -g -O0 -fno-builtin  src/TrafficLightLocalController.c
src/TrafficLightLocalController.c: In function 'SensorDataInit':
src/TrafficLightLocalController.c:84:9: warning: passing argument 1 of 'strcpy' from incompatible pointer type [-Wincompatible-pointer-types]
  strcpy(sensor->message.trafficLight.name, hostname);
         ^
In file included from src/TrafficLightLocalController.c:6:0:
/Users/adityaaaap/qnx700/target/qnx7/usr/include/string.h:77:14: note: expected 'char *' but argument is of type 'int *'
 extern char *strcpy(char *__s1, const char *__s2);
              ^
src/TrafficLightLocalController.c: In function 'client':
src/TrafficLightLocalController.c:150:10: warning: return makes pointer from integer without a cast [-Wint-conversion]
   return EXIT_FAILURE;
          ^
src/TrafficLightLocalController.c:143:30: warning: unused variable 'index' [-Wunused-variable]
  int serverConnectionId = 0, index = 0;
                              ^
qcc -Vgcc_ntox86_64 -o build/x86_64-debug/TrafficLightLocalController   build/x86_64-debug/src/TrafficLightLocalController.o  

18:37:17 Build Finished (took 347ms)

